<?xml version="1.0" encoding="UTF-8"?>
<!-- Generated by org.testng.reporters.JUnitReportReporter -->
<testsuite hostname="Sunil-Chauhan" failures="0" tests="1" name="srcdemo.NewTest" time="0.027" errors="0" timestamp="2022-12-01T15:49:56 IST" skipped="0">
  <testcase classname="srcdemo.NewTest" name="f" time="0.027"/>
  <system-out/>
</testsuite> <!-- srcdemo.NewTest -->
