<?xml version="1.0" encoding="UTF-8"?>
<!-- Generated by org.testng.reporters.JUnitReportReporter -->
<testsuite hostname="Sunil-Chauhan" failures="0" tests="1" name="srcdemo.SeleniumTest" time="6.646" errors="0" timestamp="2022-12-01T16:18:20 IST" skipped="0">
  <testcase classname="srcdemo.SeleniumTest" name="f" time="6.646"/>
  <system-out/>
</testsuite> <!-- srcdemo.SeleniumTest -->
