<?xml version="1.0" encoding="UTF-8"?>
<!-- Generated by org.testng.reporters.JUnitReportReporter -->
<testsuite hostname="Sunil-Chauhan" failures="0" tests="1" name="srcdemo.pollscmTest" time="0.010" errors="0" timestamp="2022-12-01T18:06:06 IST" skipped="0">
  <testcase classname="srcdemo.pollscmTest" name="f" time="0.010"/>
  <system-out/>
</testsuite> <!-- srcdemo.pollscmTest -->
